[33m[nodemon] 2.0.1[39m
[33m[nodemon] to restart at any time, enter `rs`[39m
[33m[nodemon] watching dir(s): *.*[39m
[33m[nodemon] watching extensions: js,mjs,json[39m
[32m[nodemon] starting `node index.js`[39m
events.js:187
      throw er; // Unhandled 'error' event
      ^

Error: EBADF: bad file descriptor, read
Emitted 'error' event on ReadStream instance at:
    at internal/fs/streams.js:167:12
    at FSReqCallback.wrapper [as oncomplete] (fs.js:470:5) {
  errno: -9,
  code: 'EBADF',
  syscall: 'read'
}
[33m[nodemon] 2.0.1[39m
[33m[nodemon] to restart at any time, enter `rs`[39m
[33m[nodemon] watching dir(s): *.*[39m
[33m[nodemon] watching extensions: js,mjs,json[39m
[32m[nodemon] starting `node index.js`[39m
events.js:187
      throw er; // Unhandled 'error' event
      ^

Error: EBADF: bad file descriptor, read
Emitted 'error' event on ReadStream instance at:
    at internal/fs/streams.js:167:12
    at FSReqCallback.wrapper [as oncomplete] (fs.js:470:5) {
  errno: -9,
  code: 'EBADF',
  syscall: 'read'
}
Server started on port : 12345
Server started on port : 12345
req.body is :  {
  theCode: '/*\n' +
    '    I wanna be the very best, like no one ever was.\n' +
    '*/\n' +
    '#include <bits/stdc++.h>\n' +
    'using namespace std;\n' +
    '\n' +
    'int main() {\n' +
    '    cout << "Time Up!\\n";\n' +
    '    int t;\n' +
    '    cin >> t;\n' +
    '    \n' +
    '    while(t--) {\n' +
    '        int n;\n' +
    '        cin >> n;\n' +
    '        cout << pow(2, n) << "\\n";\n' +
    '        cout << "Doing this just to test... n = " << n << "\\n";\n' +
    '    }\n' +
    '    return 0;\n' +
    '}',
  input: '3\n2\n1\n4',
  lang: 'c_cpp'
}
codeFilePath :  /home/dell/Desktop/OHW/CS/SWE/Web/ide2.0/src/process/cpp_code.cpp
codeFilePath_2 :  /home/dell/Desktop/OHW/CS/SWE/Web/ide2.0/src/public/codes/cpp_code.cpp
[I] Executing the script...
[ I ] Took 15.341563001275063 millisec for exec...

[I] Script ran successfully
